<?xml version="1.0" encoding="UTF-8"?>
<testng-results ignored="0" total="0" passed="0" failed="0" skipped="0">
  <reporter-output>
  </reporter-output>
  <suite started-at="2024-02-21T21:22:43 IST" name="core.BaseTest" finished-at="2024-02-21T21:22:43 IST" duration-ms="9">
    <groups>
    </groups>
    <test started-at="2024-02-21T21:22:43 IST" name="Command line test" finished-at="2024-02-21T21:22:43 IST" duration-ms="9">
    </test> <!-- Command line test -->
  </suite> <!-- core.BaseTest -->
</testng-results>
